TN:
SF:src/PositionNFT.sol
DA:27,35
FN:27,PositionNFT.onlyEscrow
FNDA:35,PositionNFT.onlyEscrow
DA:28,35
BRDA:28,0,0,1
DA:32,35
FN:32,PositionNFT.constructor
FNDA:35,PositionNFT.constructor
DA:33,35
DA:34,35
DA:38,35
FN:38,PositionNFT.initEscrow
FNDA:35,PositionNFT.initEscrow
DA:39,35
BRDA:39,1,0,0
DA:40,35
BRDA:40,2,0,0
DA:41,35
DA:44,35
FN:44,PositionNFT.mint
FNDA:35,PositionNFT.mint
DA:49,34
DA:50,34
DA:55,34
DA:58,3
FN:58,PositionNFT.positionOf
FNDA:3,PositionNFT.positionOf
DA:63,3
DA:64,2
DA:65,2
DA:68,1
FN:68,PositionNFT.tokenURI
FNDA:1,PositionNFT.tokenURI
DA:74,1
DA:75,1
FNF:6
FNH:6
LF:20
LH:20
BRF:3
BRH:1
end_of_record
TN:
SF:src/ProjectEscrow.sol
DA:60,30
FN:60,ProjectEscrow.constructor
FNDA:30,ProjectEscrow.constructor
DA:67,30
BRDA:67,0,0,0
DA:68,30
DA:69,30
DA:70,30
BRDA:70,1,0,0
DA:72,30
DA:73,30
DA:74,30
DA:75,30
DA:76,30
DA:79,30
DA:83,31
FN:83,ProjectEscrow.contribute
FNDA:31,ProjectEscrow.contribute
DA:84,31
BRDA:84,2,0,1
DA:87,30
DA:88,30
DA:89,30
DA:91,30
DA:92,30
DA:93,90
DA:97,30
DA:98,30
BRDA:98,3,0,30
DA:99,30
DA:101,30
DA:105,15
FN:105,ProjectEscrow.submitMilestone
FNDA:15,ProjectEscrow.submitMilestone
DA:108,15
BRDA:108,4,0,0
DA:109,15
BRDA:109,5,0,0
DA:110,15
BRDA:110,6,0,0
DA:112,15
DA:113,15
DA:114,15
BRDA:114,7,0,0
DA:115,0
DA:119,15
DA:120,15
DA:122,15
DA:123,15
DA:124,15
DA:125,15
DA:126,15
DA:127,15
DA:128,15
DA:130,15
DA:134,13
FN:134,ProjectEscrow.vote
FNDA:13,ProjectEscrow.vote
DA:135,13
BRDA:135,8,0,0
DA:136,13
DA:138,13
BRDA:138,9,0,1
DA:139,12
BRDA:139,10,0,1
DA:141,11
DA:142,11
BRDA:142,11,0,1
DA:143,1
BRDA:143,12,0,1
DA:145,9
DA:146,1
BRDA:146,13,0,1
BRDA:146,13,1,8
DA:147,1
DA:149,8
DA:152,9
DA:156,13
FN:156,ProjectEscrow.resolveMilestone
FNDA:13,ProjectEscrow.resolveMilestone
DA:157,13
BRDA:157,14,0,0
DA:158,13
DA:160,13
BRDA:160,15,0,0
DA:161,13
BRDA:161,16,0,2
DA:165,11
DA:166,11
DA:168,11
DA:172,7
FN:172,ProjectEscrow.claimMilestone
FNDA:7,ProjectEscrow.claimMilestone
DA:173,7
BRDA:173,17,0,1
DA:174,6
BRDA:174,18,0,0
DA:175,6
BRDA:175,19,0,0
DA:177,6
DA:178,6
BRDA:178,20,0,3
DA:180,3
DA:181,3
DA:182,3
DA:184,3
DA:186,3
DA:190,0
FN:190,ProjectEscrow.votingPowerOf
FNDA:0,ProjectEscrow.votingPowerOf
DA:191,0
DA:194,11
FN:194,ProjectEscrow.milestoneAllocated
FNDA:11,ProjectEscrow.milestoneAllocated
DA:195,11
DA:198,16
FN:198,ProjectEscrow.milestoneStatus
FNDA:16,ProjectEscrow.milestoneStatus
DA:199,16
FNF:9
FNH:8
LF:79
LH:76
BRF:22
BRH:11
end_of_record
TN:
SF:src/ProjectFactory.sol
DA:34,18
FN:34,ProjectFactory.constructor
FNDA:18,ProjectFactory.constructor
DA:35,18
BRDA:35,0,0,2
DA:36,16
DA:37,16
DA:38,16
DA:42,15
FN:42,ProjectFactory.createProject
FNDA:15,ProjectFactory.createProject
DA:52,15
BRDA:52,1,0,1
DA:53,14
DA:54,14
BRDA:54,2,0,2
DA:56,12
DA:57,12
DA:58,12
BRDA:58,3,0,1
DA:60,11
BRDA:60,4,0,2
DA:61,2
DA:65,9
DA:68,9
DA:69,9
DA:72,9
DA:75,9
DA:88,9
FN:88,ProjectFactory._deploy
FNDA:9,ProjectFactory._deploy
DA:94,9
DA:97,9
DA:106,9
DA:108,9
DA:109,9
DA:113,1
FN:113,ProjectFactory.projectCount
FNDA:1,ProjectFactory.projectCount
DA:114,1
FNF:4
FNH:4
LF:27
LH:27
BRF:5
BRH:5
end_of_record
TN:
SF:test/ProjectEscrowClaim.t.sol
DA:13,6
FN:13,MockUSDT.mint
FNDA:6,MockUSDT.mint
DA:14,6
DA:17,0
FN:17,MockUSDT.decimals
FNDA:0,MockUSDT.decimals
DA:18,0
FNF:2
FNH:1
LF:4
LH:2
BRF:0
BRH:0
end_of_record
TN:
SF:test/ProjectEscrowContribute.t.sol
DA:13,5
FN:13,MockUSDT.mint
FNDA:5,MockUSDT.mint
DA:14,5
DA:17,0
FN:17,MockUSDT.decimals
FNDA:0,MockUSDT.decimals
DA:18,0
FNF:2
FNH:1
LF:4
LH:2
BRF:0
BRH:0
end_of_record
TN:
SF:test/ProjectEscrowVote.t.sol
DA:13,13
FN:13,MockUSDT.mint
FNDA:13,MockUSDT.mint
DA:14,13
DA:17,0
FN:17,MockUSDT.decimals
FNDA:0,MockUSDT.decimals
DA:18,0
FNF:2
FNH:1
LF:4
LH:2
BRF:0
BRH:0
end_of_record
TN:
SF:test/ProjectFactory.t.sol
DA:14,0
FN:14,MockUSDT.mint
FNDA:0,MockUSDT.mint
DA:15,0
DA:18,0
FN:18,MockUSDT.decimals
FNDA:0,MockUSDT.decimals
DA:19,0
FNF:2
FNH:0
LF:4
LH:0
BRF:0
BRH:0
end_of_record
